This is pdfTeX, Version 3.141592653-2.6-1.40.24 (TeX Live 2022) (preloaded format=pdflatex 2023.9.7)  7 SEP 2023 10:21
entering extended mode
 restricted \write18 enabled.
 %&-line parsing enabled.
**super_fx_apa_nextgen.tex
(./super_fx_apa_nextgen.tex
LaTeX2e <2022-11-01> patch level 1
L3 programming layer <2023-02-22>

! LaTeX Error: File `apa6.cls' not found.

Type X to quit or <RETURN> to proceed,
or enter new name. (Default extension: cls)

Enter file name: 
! Emergency stop.
<read *> 
         
l.7 \usepackage
               {amsmath,amssymb}^^M 
Here is how much of TeX's memory you used:
 29 strings out of 477984
 614 string characters out of 5839054
 1849388 words of memory out of 5000000
 20324 multiletter control sequences out of 15000+600000
 512287 words of font info for 32 fonts, out of 8000000 for 9000
 14 hyphenation exceptions out of 8191
 19i,0n,29p,99b,17s stack positions out of 10000i,1000n,20000p,200000b,200000s

!  ==> Fatal error occurred, no output PDF file produced!
